Start testing: Nov 13 09:18 Финляндия (зима)
----------------------------------------------------------
1/1 Testing: all_tests
1/1 Test: all_tests
Command: "C:/Users/Dmytro/Desktop/linux_cursova/task4_test/cmake_vs_mkr_test1/build/test_repos.exe" "--gtest_output=xml:C:/Users/Dmytro/Desktop/linux_cursova/task4_test/cmake_vs_mkr_test1/build/test_report.xml"
Directory: C:/Users/Dmytro/Desktop/linux_cursova/task4_test/cmake_vs_mkr_test1/build
"all_tests" start time: Nov 13 09:18 Финляндия (зима)
Output:
----------------------------------------------------------
Running main() from C:\Users\Dmytro\Desktop\linux_cursova\task4_test\cmake_vs_mkr_test1\build\_deps\googletest-src\googletest\src\gtest_main.cc
[==========] Running 8 tests from 3 test suites.
[----------] Global test environment set-up.
[----------] 5 tests from QuickSortTest
[ RUN      ] QuickSortTest.SortsArrayInAscendingOrder
[       OK ] QuickSortTest.SortsArrayInAscendingOrder (0 ms)
[ RUN      ] QuickSortTest.SingleElementArray
[       OK ] QuickSortTest.SingleElementArray (0 ms)
[ RUN      ] QuickSortTest.SortedArray
[       OK ] QuickSortTest.SortedArray (0 ms)
[ RUN      ] QuickSortTest.ReverseSortedArray
[       OK ] QuickSortTest.ReverseSortedArray (0 ms)
[ RUN      ] QuickSortTest.RandomArray
[       OK ] QuickSortTest.RandomArray (0 ms)
[----------] 5 tests from QuickSortTest (0 ms total)

[----------] 2 tests from StringProcessorTest
[ RUN      ] StringProcessorTest.ValidString_ReturnsTrue
[       OK ] StringProcessorTest.ValidString_ReturnsTrue (0 ms)
[ RUN      ] StringProcessorTest.InvalidString_ReturnsFalse
[       OK ] StringProcessorTest.InvalidString_ReturnsFalse (0 ms)
[----------] 2 tests from StringProcessorTest (0 ms total)

[----------] 1 test from SwapTest
[ RUN      ] SwapTest.SwapsValuesCorrectly
[       OK ] SwapTest.SwapsValuesCorrectly (0 ms)
[----------] 1 test from SwapTest (0 ms total)

[----------] Global test environment tear-down
[==========] 8 tests from 3 test suites ran. (0 ms total)
[  PASSED  ] 8 tests.
<end of output>
Test time =   0.07 sec
----------------------------------------------------------
Test Passed.
"all_tests" end time: Nov 13 09:18 Финляндия (зима)
"all_tests" time elapsed: 00:00:00
----------------------------------------------------------

End testing: Nov 13 09:18 Финляндия (зима)
