<?xml version="1.0" encoding="UTF-8"?>
<testsuites tests="8" failures="0" disabled="0" errors="0" time="0." timestamp="2025-11-13T09:30:14.467" name="AllTests">
  <testsuite name="QuickSortTest" tests="5" failures="0" disabled="0" skipped="0" errors="0" time="0." timestamp="2025-11-13T09:30:14.467">
    <testcase name="SortsArrayInAscendingOrder" file="C:\Users\Dmytro\Desktop\linux_cursova\task4_test\cmake_vs_mkr_test1\tests\test.cpp" line="5" status="run" result="completed" time="0." timestamp="2025-11-13T09:30:14.467" classname="QuickSortTest" />
    <testcase name="SingleElementArray" file="C:\Users\Dmytro\Desktop\linux_cursova\task4_test\cmake_vs_mkr_test1\tests\test.cpp" line="23" status="run" result="completed" time="0." timestamp="2025-11-13T09:30:14.467" classname="QuickSortTest" />
    <testcase name="SortedArray" file="C:\Users\Dmytro\Desktop\linux_cursova\task4_test\cmake_vs_mkr_test1\tests\test.cpp" line="30" status="run" result="completed" time="0." timestamp="2025-11-13T09:30:14.467" classname="QuickSortTest" />
    <testcase name="ReverseSortedArray" file="C:\Users\Dmytro\Desktop\linux_cursova\task4_test\cmake_vs_mkr_test1\tests\test.cpp" line="39" status="run" result="completed" time="0." timestamp="2025-11-13T09:30:14.467" classname="QuickSortTest" />
    <testcase name="RandomArray" file="C:\Users\Dmytro\Desktop\linux_cursova\task4_test\cmake_vs_mkr_test1\tests\test.cpp" line="48" status="run" result="completed" time="0." timestamp="2025-11-13T09:30:14.467" classname="QuickSortTest" />
  </testsuite>
  <testsuite name="StringProcessorTest" tests="2" failures="0" disabled="0" skipped="0" errors="0" time="0." timestamp="2025-11-13T09:30:14.467">
    <testcase name="ValidString_ReturnsTrue" file="C:\Users\Dmytro\Desktop\linux_cursova\task4_test\cmake_vs_mkr_test1\tests\test.cpp" line="63" status="run" result="completed" time="0." timestamp="2025-11-13T09:30:14.467" classname="StringProcessorTest" />
    <testcase name="InvalidString_ReturnsFalse" file="C:\Users\Dmytro\Desktop\linux_cursova\task4_test\cmake_vs_mkr_test1\tests\test.cpp" line="70" status="run" result="completed" time="0." timestamp="2025-11-13T09:30:14.467" classname="StringProcessorTest" />
  </testsuite>
  <testsuite name="SwapTest" tests="1" failures="0" disabled="0" skipped="0" errors="0" time="0." timestamp="2025-11-13T09:30:14.467">
    <testcase name="SwapsValuesCorrectly" file="C:\Users\Dmytro\Desktop\linux_cursova\task4_test\cmake_vs_mkr_test1\tests\test.cpp" line="77" status="run" result="completed" time="0." timestamp="2025-11-13T09:30:14.467" classname="SwapTest" />
  </testsuite>
</testsuites>
